Arguments: 
  C:\Program Files\nodejs\node.exe C:\Users\Aures\AppData\Roaming\npm\node_modules\yarn\bin\yarn.js add express

PATH: 
  C:\Python38\Scripts\;C:\Python38\;C:\WINDOWS\system32;C:\WINDOWS;C:\WINDOWS\System32\Wbem;C:\WINDOWS\System32\WindowsPowerShell\v1.0\;C:\WINDOWS\System32\OpenSSH\;C:\Program Files\MySQL\MySQL Server 8.0\bin;C:\ProgramData\chocolatey\bin;C:\tools\BCURRAN3;D:\Program Files (x86)\Microsoft Visual Studio\Shared\Python37_64\Scripts;C:\ProgramData\Microsoft\Windows\Start Menu\Programs\Python 3.7;D:\Program Files (x86)\Microsoft Visual Studio\Shared\Python37_64;C:\Program Files\nodejs\;E:\Programmes\Git\cmd;D:\Program Files\PostgreSQL\13\bin;D:\Program Files\PostgreSQL\13\lib;C:\Program Files\MySQL\MySQL Shell 8.0\bin\;C:\Users\Aures\AppData\Local\Microsoft\WindowsApps;C:\Users\Aures\AppData\Local\Programs\Microsoft VS Code\bin;E:\Program Files\heroku\bin;C:\tools\dart-sdk\bin;C:\Users\Aures\AppData\Roaming\Pub\Cache\bin;D:\Program Files (x86)\Microsoft Visual Studio\Shared\Python37_64\Scripts;D:\Program Files (x86)\Microsoft Visual Studio\Shared\Python37_64\python.exe;D:\Program Files (x86)\Microsoft Visual Studio\Shared\Python37_64;D:\Program Files\JetBrains\PyCharm Community Edition 2020.1.3\bin;;D:\Program Files\heroku\bin;C:\Users\Aures\AppData\Roaming\Python\Python38\Scripts;C:\Users\Aures\AppData\Roaming\npm;C:\Users\Aures\AppData\Local\Yarn;C:\Users\Aures\AppData\Local\Yarn\bin;

Yarn version: 
  1.22.4

Node version: 
  12.19.0

Platform: 
  win32 x64

Trace: 
  Error: UNKNOWN: unknown error, unlink 'C:\Users\Aures\AppData\Local\Yarn\Cache\v6\npm-negotiator-0.6.2-feacf7ccf525a77ae9634436a64883ffeca346fb-integrity\node_modules\negotiator'

npm manifest: 
  {
    "name": "test",
    "version": "1.0.0",
    "main": "index.js",
    "license": "MIT"
  }

yarn manifest: 
  No manifest

Lockfile: 
  No lockfile
